8/6/2024 10:07:44 AM: No User activity found
8/6/2024 10:27:24 AM: No User activity found
8/6/2024 10:28:07 AM: No User activity found
8/6/2024 10:29:00 AM: No User activity found
8/6/2024 10:32:34 AM: Showing notification for messag ${"hostName":"5CG1431YJG","header":"Use Strong Passwords","body":"Create complex passwords with a mix of letters, numbers and symbols","imagePath":"/images/4.png","notificationId":1,"scheduledDate":"2024-08-05T00:00:00","scheduledTime":"10","points":100,"userId":4}
8/6/2024 10:32:36 AM: Invalid URI: Invalid port specified.
8/6/2024 10:32:53 AM: Showing notification for messag ${"hostName":"5CG1431YJG","header":"Use Strong Passwords","body":"Create complex passwords with a mix of letters, numbers and symbols","imagePath":"/images/4.png","notificationId":1,"scheduledDate":"2024-08-05T00:00:00","scheduledTime":"10","points":100,"userId":4}
8/6/2024 10:32:54 AM: Invalid URI: Invalid port specified.
8/6/2024 10:33:16 AM: Showing notification for messag ${"hostName":"5CG1431YJG","header":"Use Strong Passwords","body":"Create complex passwords with a mix of letters, numbers and symbols","imagePath":"/images/4.png","notificationId":1,"scheduledDate":"2024-08-05T00:00:00","scheduledTime":"10","points":100,"userId":4}
8/6/2024 10:37:10 AM: Showing notification for messag ${"hostName":"5CG1431YJG","header":"Use Strong Passwords","body":"Create complex passwords with a mix of letters, numbers and symbols","imagePath":"/images/4.png","notificationId":1,"scheduledDate":"2024-08-05T00:00:00","scheduledTime":"10","points":100,"userId":4}
8/6/2024 10:39:13 AM: Showing notification for messag ${"hostName":"5CG1431YJG","header":"Use Strong Passwords","body":"Create complex passwords with a mix of letters, numbers and symbols","imagePath":"/images/4.png","notificationId":1,"scheduledDate":"2024-08-05T00:00:00","scheduledTime":"10","points":100,"userId":4}
8/6/2024 10:43:46 AM: Showing notification for messag ${"hostName":"5CG1431YJG","header":"Use Strong Passwords","body":"Create complex passwords with a mix of letters, numbers and symbols","imagePath":"/images/4.png","notificationId":1,"scheduledDate":"2024-08-05T00:00:00","scheduledTime":"10","points":100,"userId":4}
8/6/2024 10:47:07 AM: Showing notification for messag ${"hostName":"5CG1431YJG","header":"Use Strong Passwords","body":"Create complex passwords with a mix of letters, numbers and symbols","imagePath":"/images/4.png","notificationId":1,"scheduledDate":"2024-08-05T00:00:00","scheduledTime":"10","points":100,"userId":4}
8/6/2024 10:51:24 AM: Showing notification for messag ${"hostName":"5CG1431YJG","header":"Use Strong Passwords","body":"Create complex passwords with a mix of letters, numbers and symbols","imagePath":"/images/4.png","notificationId":1,"scheduledDate":"2024-08-05T00:00:00","scheduledTime":"10","points":100,"userId":4}
8/6/2024 10:53:22 AM: The constructed URI is invalid.
8/6/2024 10:53:22 AM: Showing notification for messag ${"hostName":"5CG1431YJG","header":"Use Strong Passwords","body":"Create complex passwords with a mix of letters, numbers and symbols","imagePath":"/images/4.png","notificationId":1,"scheduledDate":"2024-08-05T00:00:00","scheduledTime":"10","points":100,"userId":4}
8/6/2024 10:53:24 AM: The constructed URI is invalid.
8/6/2024 10:53:24 AM: Showing notification for messag ${"hostName":"5CG1431YJG","header":"Use Strong Passwords","body":"Create complex passwords with a mix of letters, numbers and symbols","imagePath":"/images/4.png","notificationId":1,"scheduledDate":"2024-08-05T00:00:00","scheduledTime":"10","points":100,"userId":4}
8/6/2024 10:53:27 AM: The constructed URI is invalid.
8/6/2024 10:53:43 AM: Showing notification for messag ${"hostName":"5CG1431YJG","header":"Use Strong Passwords","body":"Create complex passwords with a mix of letters, numbers and symbols","imagePath":"/images/4.png","notificationId":1,"scheduledDate":"2024-08-05T00:00:00","scheduledTime":"10","points":100,"userId":4}
8/6/2024 10:54:43 AM: Showing notification for messag ${"hostName":"5CG1431YJG","header":"Use Strong Passwords","body":"Create complex passwords with a mix of letters, numbers and symbols","imagePath":"/images/4.png","notificationId":1,"scheduledDate":"2024-08-05T00:00:00","scheduledTime":"10","points":100,"userId":4}
8/6/2024 10:55:40 AM: Showing notification for messag ${"hostName":"5CG1431YJG","header":"Use Strong Passwords","body":"Create complex passwords with a mix of letters, numbers and symbols","imagePath":"/images/4.png","notificationId":1,"scheduledDate":"2024-08-05T00:00:00","scheduledTime":"10","points":100,"userId":4}
8/6/2024 10:56:14 AM: Showing notification for messag ${"hostName":"5CG1431YJG","header":"Use Strong Passwords","body":"Create complex passwords with a mix of letters, numbers and symbols","imagePath":"/images/4.png","notificationId":1,"scheduledDate":"2024-08-05T00:00:00","scheduledTime":"10","points":100,"userId":4}
8/6/2024 10:58:26 AM: Showing notification for messag ${"hostName":"5CG1431YJG","header":"Use Strong Passwords","body":"Create complex passwords with a mix of letters, numbers and symbols","imagePath":"/images/4.png","notificationId":1,"scheduledDate":"2024-08-05T00:00:00","scheduledTime":"10","points":100,"userId":4}
8/6/2024 10:58:46 AM: Showing notification for messag ${"hostName":"5CG1431YJG","header":"Use Strong Passwords","body":"Create complex passwords with a mix of letters, numbers and symbols","imagePath":"/images/4.png","notificationId":1,"scheduledDate":"2024-08-05T00:00:00","scheduledTime":"10","points":100,"userId":4}
8/6/2024 11:03:47 AM: Showing notification for messag ${"hostName":"5CG1431YJG","header":"Use Strong Passwords","body":"Create complex passwords with a mix of letters, numbers and symbols","imagePath":"/images/4.png","notificationId":1,"scheduledDate":"2024-08-05T00:00:00","scheduledTime":"10","points":100,"userId":4}
8/6/2024 11:07:35 AM: Showing notification for messag ${"hostName":"5CG1431YJG","header":"Use Strong Passwords","body":"Create complex passwords with a mix of letters, numbers and symbols","imagePath":"/images/4.png","notificationId":1,"scheduledDate":"2024-08-05T00:00:00","scheduledTime":"10","points":100,"userId":4}
8/6/2024 11:11:18 AM: Showing notification for messag ${"hostName":"5CG1431YJG","header":"Use Strong Passwords","body":"Create complex passwords with a mix of letters, numbers and symbols","imagePath":"/images/4.png","notificationId":1,"scheduledDate":"2024-08-05T00:00:00","scheduledTime":"10","points":100,"userId":4}
8/6/2024 11:12:07 AM: Showing notification for messag ${"hostName":"5CG1431YJG","header":"Use Strong Passwords","body":"Create complex passwords with a mix of letters, numbers and symbols","imagePath":"/images/4.png","notificationId":1,"scheduledDate":"2024-08-05T00:00:00","scheduledTime":"10","points":100,"userId":4}
8/6/2024 11:13:06 AM: Showing notification for messag ${"hostName":"5CG1431YJG","header":"Use Strong Passwords","body":"Create complex passwords with a mix of letters, numbers and symbols","imagePath":"/images/4.png","notificationId":1,"scheduledDate":"2024-08-05T00:00:00","scheduledTime":"10","points":100,"userId":4}
8/6/2024 11:13:09 AM: Showing notification for messag ${"hostName":"5CG1431YJG","header":"Use Strong Passwords","body":"Create complex passwords with a mix of letters, numbers and symbols","imagePath":"/images/4.png","notificationId":1,"scheduledDate":"2024-08-05T00:00:00","scheduledTime":"10","points":100,"userId":4}
8/6/2024 11:13:27 AM: Showing notification for messag ${"hostName":"5CG1431YJG","header":"Use Strong Passwords","body":"Create complex passwords with a mix of letters, numbers and symbols","imagePath":"/images/4.png","notificationId":1,"scheduledDate":"2024-08-05T00:00:00","scheduledTime":"10","points":100,"userId":4}
8/6/2024 11:13:47 AM: Showing notification for messag ${"hostName":"5CG1431YJG","header":"Use Strong Passwords","body":"Create complex passwords with a mix of letters, numbers and symbols","imagePath":"/images/4.png","notificationId":1,"scheduledDate":"2024-08-05T00:00:00","scheduledTime":"10","points":100,"userId":4}
8/6/2024 11:16:51 AM: Showing notification for messag ${"hostName":"5CG1431YJG","header":"Use Strong Passwords","body":"Create complex passwords with a mix of letters, numbers and symbols","imagePath":"/images/4.png","notificationId":1,"scheduledDate":"2024-08-05T00:00:00","scheduledTime":"10","points":100,"userId":4}
8/6/2024 11:17:29 AM: Showing notification for messag ${"hostName":"5CG1431YJG","header":"Use Strong Passwords","body":"Create complex passwords with a mix of letters, numbers and symbols","imagePath":"/images/4.png","notificationId":1,"scheduledDate":"2024-08-05T00:00:00","scheduledTime":"10","points":100,"userId":4}
8/6/2024 11:17:31 AM: Showing notification for messag ${"hostName":"5CG1431YJG","header":"Use Strong Passwords","body":"Create complex passwords with a mix of letters, numbers and symbols","imagePath":"/images/4.png","notificationId":1,"scheduledDate":"2024-08-05T00:00:00","scheduledTime":"10","points":100,"userId":4}
8/6/2024 11:23:22 AM: Showing notification for messag ${"hostName":"5CG1431YJG","header":"Use Strong Passwords","body":"Create complex passwords with a mix of letters, numbers and symbols","imagePath":"/images/4.png","notificationId":1,"scheduledDate":"2024-08-05T00:00:00","scheduledTime":"10","points":100,"userId":4}
8/6/2024 11:23:42 AM: Showing notification for messag ${"hostName":"5CG1431YJG","header":"Use Strong Passwords","body":"Create complex passwords with a mix of letters, numbers and symbols","imagePath":"/images/4.png","notificationId":1,"scheduledDate":"2024-08-05T00:00:00","scheduledTime":"10","points":100,"userId":4}
8/6/2024 11:26:16 AM: Showing notification for messag ${"hostName":"5CG1431YJG","header":"Use Strong Passwords","body":"Create complex passwords with a mix of letters, numbers and symbols","imagePath":"/images/4.png","notificationId":1,"scheduledDate":"2024-08-05T00:00:00","scheduledTime":"10","points":100,"userId":4}
8/6/2024 11:26:54 AM: Showing notification for messag ${"hostName":"5CG1431YJG","header":"Use Strong Passwords","body":"Create complex passwords with a mix of letters, numbers and symbols","imagePath":"/images/4.png","notificationId":1,"scheduledDate":"2024-08-05T00:00:00","scheduledTime":"10","points":100,"userId":4}
8/6/2024 11:27:17 AM: Showing notification for messag ${"hostName":"5CG1431YJG","header":"Use Strong Passwords","body":"Create complex passwords with a mix of letters, numbers and symbols","imagePath":"/images/4.png","notificationId":1,"scheduledDate":"2024-08-05T00:00:00","scheduledTime":"10","points":100,"userId":4}
8/6/2024 11:27:34 AM: Showing notification for messag ${"hostName":"5CG1431YJG","header":"Use Strong Passwords","body":"Create complex passwords with a mix of letters, numbers and symbols","imagePath":"/images/4.png","notificationId":1,"scheduledDate":"2024-08-05T00:00:00","scheduledTime":"10","points":100,"userId":4}
8/6/2024 11:28:01 AM: Showing notification for messag ${"hostName":"5CG1431YJG","header":"Use Strong Passwords","body":"Create complex passwords with a mix of letters, numbers and symbols","imagePath":"/images/4.png","notificationId":1,"scheduledDate":"2024-08-05T00:00:00","scheduledTime":"10","points":100,"userId":4}
8/6/2024 11:28:20 AM: Showing notification for messag ${"hostName":"5CG1431YJG","header":"Use Strong Passwords","body":"Create complex passwords with a mix of letters, numbers and symbols","imagePath":"/images/4.png","notificationId":1,"scheduledDate":"2024-08-05T00:00:00","scheduledTime":"10","points":100,"userId":4}
8/6/2024 11:29:09 AM: Showing notification for messag ${"hostName":"5CG1431YJG","header":"Use Strong Passwords","body":"Create complex passwords with a mix of letters, numbers and symbols","imagePath":"/images/4.png","notificationId":1,"scheduledDate":"2024-08-05T00:00:00","scheduledTime":"10","points":100,"userId":4}
8/6/2024 11:37:05 AM: Showing notification for messag ${"hostName":"5CG1431YJG","header":"Use Strong Passwords","body":"Create complex passwords with a mix of letters, numbers and symbols","imagePath":"/images/4.png","notificationId":1,"scheduledDate":"2024-08-05T00:00:00","scheduledTime":"10","points":100,"userId":4}
8/6/2024 11:39:14 AM: Showing notification for messag ${"hostName":"5CG1431YJG","header":"Use Strong Passwords","body":"Create complex passwords with a mix of letters, numbers and symbols","imagePath":"/images/4.png","notificationId":1,"scheduledDate":"2024-08-05T00:00:00","scheduledTime":"10","points":100,"userId":4}
8/6/2024 11:39:37 AM: Showing notification for messag ${"hostName":"5CG1431YJG","header":"Use Strong Passwords","body":"Create complex passwords with a mix of letters, numbers and symbols","imagePath":"/images/4.png","notificationId":1,"scheduledDate":"2024-08-05T00:00:00","scheduledTime":"10","points":100,"userId":4}
8/6/2024 11:54:25 AM: Showing notification for messag ${"hostName":"5CG1431YJG","header":"Use Strong Passwords","body":"Create complex passwords with a mix of letters, numbers and symbols","imagePath":"/images/4.png","notificationId":1,"scheduledDate":"2024-08-05T00:00:00","scheduledTime":"10","points":100,"userId":4}
8/6/2024 11:54:45 AM: Showing notification for messag ${"hostName":"5CG1431YJG","header":"Use Strong Passwords","body":"Create complex passwords with a mix of letters, numbers and symbols","imagePath":"/images/4.png","notificationId":1,"scheduledDate":"2024-08-05T00:00:00","scheduledTime":"10","points":100,"userId":4}
8/6/2024 11:56:25 AM: Showing notification for messag ${"hostName":"5CG1431YJG","header":"Use Strong Passwords","body":"Create complex passwords with a mix of letters, numbers and symbols","imagePath":"/images/4.png","notificationId":1,"scheduledDate":"2024-08-05T00:00:00","scheduledTime":"10","points":100,"userId":4}
8/6/2024 11:56:44 AM: Showing notification for messag ${"hostName":"5CG1431YJG","header":"Use Strong Passwords","body":"Create complex passwords with a mix of letters, numbers and symbols","imagePath":"/images/4.png","notificationId":1,"scheduledDate":"2024-08-05T00:00:00","scheduledTime":"10","points":100,"userId":4}
8/6/2024 12:17:46 PM: Showing notification for messag ${"hostName":"5CG1431YJG","header":"Use Strong Passwords","body":"Create complex passwords with a mix of letters, numbers, and symbols.\nAvoid using easily guessable information like birthdays or common words","imagePath":"/images/4.png","notificationId":18,"scheduledDate":"2024-08-06T00:00:00","scheduledTime":"10:16","points":1000,"userId":4}
8/6/2024 12:18:06 PM: Showing notification for messag ${"hostName":"5CG1431YJG","header":"Use Strong Passwords","body":"Create complex passwords with a mix of letters, numbers, and symbols.\nAvoid using easily guessable information like birthdays or common words","imagePath":"/images/4.png","notificationId":18,"scheduledDate":"2024-08-06T00:00:00","scheduledTime":"10:16","points":1000,"userId":4}
8/6/2024 12:18:26 PM: Showing notification for messag ${"hostName":"5CG1431YJG","header":"Use Strong Passwords","body":"Create complex passwords with a mix of letters, numbers, and symbols.\nAvoid using easily guessable information like birthdays or common words","imagePath":"/images/4.png","notificationId":18,"scheduledDate":"2024-08-06T00:00:00","scheduledTime":"10:16","points":1000,"userId":4}
8/6/2024 12:18:46 PM: Showing notification for messag ${"hostName":"5CG1431YJG","header":"Use Strong Passwords","body":"Create complex passwords with a mix of letters, numbers, and symbols.\nAvoid using easily guessable information like birthdays or common words","imagePath":"/images/4.png","notificationId":18,"scheduledDate":"2024-08-06T00:00:00","scheduledTime":"10:16","points":1000,"userId":4}
8/6/2024 12:19:06 PM: Showing notification for messag ${"hostName":"5CG1431YJG","header":"Use Strong Passwords","body":"Create complex passwords with a mix of letters, numbers, and symbols.\nAvoid using easily guessable information like birthdays or common words","imagePath":"/images/4.png","notificationId":18,"scheduledDate":"2024-08-06T00:00:00","scheduledTime":"10:16","points":1000,"userId":4}
8/6/2024 12:19:26 PM: Showing notification for messag ${"hostName":"5CG1431YJG","header":"Use Strong Passwords","body":"Create complex passwords with a mix of letters, numbers, and symbols.\nAvoid using easily guessable information like birthdays or common words","imagePath":"/images/4.png","notificationId":18,"scheduledDate":"2024-08-06T00:00:00","scheduledTime":"10:16","points":1000,"userId":4}
8/6/2024 12:19:46 PM: Showing notification for messag ${"hostName":"5CG1431YJG","header":"Use Strong Passwords","body":"Create complex passwords with a mix of letters, numbers, and symbols.\nAvoid using easily guessable information like birthdays or common words","imagePath":"/images/4.png","notificationId":18,"scheduledDate":"2024-08-06T00:00:00","scheduledTime":"10:16","points":1000,"userId":4}
8/6/2024 12:20:06 PM: Showing notification for messag ${"hostName":"5CG1431YJG","header":"Use Strong Passwords","body":"Create complex passwords with a mix of letters, numbers, and symbols.\nAvoid using easily guessable information like birthdays or common words","imagePath":"/images/4.png","notificationId":18,"scheduledDate":"2024-08-06T00:00:00","scheduledTime":"10:16","points":1000,"userId":4}
8/6/2024 12:20:26 PM: Showing notification for messag ${"hostName":"5CG1431YJG","header":"Use Strong Passwords","body":"Create complex passwords with a mix of letters, numbers, and symbols.\nAvoid using easily guessable information like birthdays or common words","imagePath":"/images/4.png","notificationId":18,"scheduledDate":"2024-08-06T00:00:00","scheduledTime":"10:16","points":1000,"userId":4}
8/6/2024 12:20:46 PM: Showing notification for messag ${"hostName":"5CG1431YJG","header":"Use Strong Passwords","body":"Create complex passwords with a mix of letters, numbers, and symbols.\nAvoid using easily guessable information like birthdays or common words","imagePath":"/images/4.png","notificationId":18,"scheduledDate":"2024-08-06T00:00:00","scheduledTime":"10:16","points":1000,"userId":4}
8/6/2024 12:21:06 PM: Showing notification for messag ${"hostName":"5CG1431YJG","header":"Use Strong Passwords","body":"Create complex passwords with a mix of letters, numbers, and symbols.\nAvoid using easily guessable information like birthdays or common words","imagePath":"/images/4.png","notificationId":18,"scheduledDate":"2024-08-05T00:00:00","scheduledTime":"10:16","points":1000,"userId":4}
8/6/2024 12:21:26 PM: Showing notification for messag ${"hostName":"5CG1431YJG","header":"Use Strong Passwords","body":"Create complex passwords with a mix of letters, numbers, and symbols.\nAvoid using easily guessable information like birthdays or common words","imagePath":"/images/4.png","notificationId":18,"scheduledDate":"2024-08-05T00:00:00","scheduledTime":"10:16","points":1000,"userId":4}
8/6/2024 12:21:46 PM: Showing notification for messag ${"hostName":"5CG1431YJG","header":"Use Strong Passwords","body":"Create complex passwords with a mix of letters, numbers, and symbols.\nAvoid using easily guessable information like birthdays or common words","imagePath":"/images/4.png","notificationId":18,"scheduledDate":"2024-08-05T00:00:00","scheduledTime":"10:16","points":1000,"userId":4}
8/6/2024 12:23:46 PM: Showing notification for messag ${"hostName":"5CG1431YJG","header":"Secure Your Devices","body":"Use screen locks, strong passwords, and encryption to protect laptops and mobile devices.\nImplement automatic device locking when not in use.","imagePath":"/images/6.png","notificationId":19,"scheduledDate":"2024-08-06T00:00:00","scheduledTime":"10:30","points":5000,"userId":4}
8/6/2024 12:23:52 PM: Showing notification for messag ${"hostName":"5CG1431YJG","header":"Secure Your Devices","body":"Use screen locks, strong passwords, and encryption to protect laptops and mobile devices.\nImplement automatic device locking when not in use.","imagePath":"/images/6.png","notificationId":19,"scheduledDate":"2024-08-06T00:00:00","scheduledTime":"10:30","points":5000,"userId":4}
8/6/2024 12:24:12 PM: Showing notification for messag ${"hostName":"5CG1431YJG","header":"Secure Your Devices","body":"Use screen locks, strong passwords, and encryption to protect laptops and mobile devices.\nImplement automatic device locking when not in use.","imagePath":"/images/6.png","notificationId":19,"scheduledDate":"2024-08-06T00:00:00","scheduledTime":"10:30","points":5000,"userId":4}
8/6/2024 12:24:32 PM: Showing notification for messag ${"hostName":"5CG1431YJG","header":"Secure Your Devices","body":"Use screen locks, strong passwords, and encryption to protect laptops and mobile devices.\nImplement automatic device locking when not in use.","imagePath":"/images/6.png","notificationId":19,"scheduledDate":"2024-08-06T00:00:00","scheduledTime":"10:30","points":5000,"userId":4}
8/6/2024 12:25:32 PM: Showing notification for messag ${"hostName":"5CG1431YJG","header":"Secure Your Devices","body":"Use screen locks, strong passwords, and encryption to protect laptops and mobile devices.\nImplement automatic device locking when not in use.","imagePath":"/images/6.png","notificationId":19,"scheduledDate":"2024-08-06T00:00:00","scheduledTime":"10:30","points":5000,"userId":4}
8/6/2024 12:25:52 PM: Showing notification for messag ${"hostName":"5CG1431YJG","header":"Secure Your Devices","body":"Use screen locks, strong passwords, and encryption to protect laptops and mobile devices.\nImplement automatic device locking when not in use.","imagePath":"/images/6.png","notificationId":19,"scheduledDate":"2024-08-06T00:00:00","scheduledTime":"10:30","points":5000,"userId":4}
8/6/2024 12:26:12 PM: Showing notification for messag ${"hostName":"5CG1431YJG","header":"Secure Your Devices","body":"Use screen locks, strong passwords, and encryption to protect laptops and mobile devices.\nImplement automatic device locking when not in use.","imagePath":"/images/6.png","notificationId":19,"scheduledDate":"2024-08-06T00:00:00","scheduledTime":"10:30","points":5000,"userId":4}
8/6/2024 12:26:32 PM: Showing notification for messag ${"hostName":"5CG1431YJG","header":"Secure Your Devices","body":"Use screen locks, strong passwords, and encryption to protect laptops and mobile devices.\nImplement automatic device locking when not in use.","imagePath":"/images/6.png","notificationId":19,"scheduledDate":"2024-08-06T00:00:00","scheduledTime":"10:30","points":5000,"userId":4}
8/6/2024 12:26:52 PM: Showing notification for messag ${"hostName":"5CG1431YJG","header":"Secure Your Devices","body":"Use screen locks, strong passwords, and encryption to protect laptops and mobile devices.\nImplement automatic device locking when not in use.","imagePath":"/images/6.png","notificationId":19,"scheduledDate":"2024-08-06T00:00:00","scheduledTime":"10:30","points":5000,"userId":4}
8/6/2024 12:27:12 PM: Showing notification for messag ${"hostName":"5CG1431YJG","header":"Secure Your Devices","body":"Use screen locks, strong passwords, and encryption to protect laptops and mobile devices.\nImplement automatic device locking when not in use.","imagePath":"/images/6.png","notificationId":19,"scheduledDate":"2024-08-06T00:00:00","scheduledTime":"10:30","points":5000,"userId":4}
8/6/2024 12:27:32 PM: Showing notification for messag ${"hostName":"5CG1431YJG","header":"Secure Your Devices","body":"Use screen locks, strong passwords, and encryption to protect laptops and mobile devices.\nImplement automatic device locking when not in use.","imagePath":"/images/6.png","notificationId":19,"scheduledDate":"2024-08-06T00:00:00","scheduledTime":"10:30","points":5000,"userId":4}
8/6/2024 12:27:52 PM: Showing notification for messag ${"hostName":"5CG1431YJG","header":"Secure Your Devices","body":"Use screen locks, strong passwords, and encryption to protect laptops and mobile devices.\nImplement automatic device locking when not in use.","imagePath":"/images/6.png","notificationId":19,"scheduledDate":"2024-08-06T00:00:00","scheduledTime":"10:30","points":5000,"userId":4}
8/6/2024 12:28:12 PM: Showing notification for messag ${"hostName":"5CG1431YJG","header":"Secure Your Devices","body":"Use screen locks, strong passwords, and encryption to protect laptops and mobile devices.\nImplement automatic device locking when not in use.","imagePath":"/images/6.png","notificationId":19,"scheduledDate":"2024-08-06T00:00:00","scheduledTime":"10:30","points":5000,"userId":4}
8/6/2024 12:28:32 PM: Showing notification for messag ${"hostName":"5CG1431YJG","header":"Secure Your Devices","body":"Use screen locks, strong passwords, and encryption to protect laptops and mobile devices.\nImplement automatic device locking when not in use.","imagePath":"/images/6.png","notificationId":19,"scheduledDate":"2024-08-06T00:00:00","scheduledTime":"10:30","points":5000,"userId":4}
8/6/2024 12:28:52 PM: Showing notification for messag ${"hostName":"5CG1431YJG","header":"Secure Your Devices","body":"Use screen locks, strong passwords, and encryption to protect laptops and mobile devices.\nImplement automatic device locking when not in use.","imagePath":"/images/6.png","notificationId":19,"scheduledDate":"2024-08-06T00:00:00","scheduledTime":"10:30","points":5000,"userId":4}
8/6/2024 12:29:12 PM: Showing notification for messag ${"hostName":"5CG1431YJG","header":"Secure Your Devices","body":"Use screen locks, strong passwords, and encryption to protect laptops and mobile devices.\nImplement automatic device locking when not in use.","imagePath":"/images/6.png","notificationId":19,"scheduledDate":"2024-08-06T00:00:00","scheduledTime":"10:30","points":5000,"userId":4}
8/6/2024 12:29:32 PM: Showing notification for messag ${"hostName":"5CG1431YJG","header":"Secure Your Devices","body":"Use screen locks, strong passwords, and encryption to protect laptops and mobile devices.\nImplement automatic device locking when not in use.","imagePath":"/images/6.png","notificationId":19,"scheduledDate":"2024-08-06T00:00:00","scheduledTime":"10:30","points":5000,"userId":4}
8/6/2024 12:29:52 PM: Showing notification for messag ${"hostName":"5CG1431YJG","header":"Secure Your Devices","body":"Use screen locks, strong passwords, and encryption to protect laptops and mobile devices.\nImplement automatic device locking when not in use.","imagePath":"/images/6.png","notificationId":19,"scheduledDate":"2024-08-06T00:00:00","scheduledTime":"10:30","points":5000,"userId":4}
8/6/2024 12:30:12 PM: Showing notification for messag ${"hostName":"5CG1431YJG","header":"Secure Your Devices","body":"Use screen locks, strong passwords, and encryption to protect laptops and mobile devices.\nImplement automatic device locking when not in use.","imagePath":"/images/6.png","notificationId":19,"scheduledDate":"2024-08-06T00:00:00","scheduledTime":"10:30","points":5000,"userId":4}
8/6/2024 12:30:32 PM: Showing notification for messag ${"hostName":"5CG1431YJG","header":"Secure Your Devices","body":"Use screen locks, strong passwords, and encryption to protect laptops and mobile devices.\nImplement automatic device locking when not in use.","imagePath":"/images/6.png","notificationId":19,"scheduledDate":"2024-08-06T00:00:00","scheduledTime":"10:30","points":5000,"userId":4}
8/6/2024 12:30:52 PM: Showing notification for messag ${"hostName":"5CG1431YJG","header":"Secure Your Devices","body":"Use screen locks, strong passwords, and encryption to protect laptops and mobile devices.\nImplement automatic device locking when not in use.","imagePath":"/images/6.png","notificationId":19,"scheduledDate":"2024-08-06T00:00:00","scheduledTime":"10:30","points":5000,"userId":4}
8/6/2024 12:31:12 PM: Showing notification for messag ${"hostName":"5CG1431YJG","header":"Secure Your Devices","body":"Use screen locks, strong passwords, and encryption to protect laptops and mobile devices.\nImplement automatic device locking when not in use.","imagePath":"/images/6.png","notificationId":19,"scheduledDate":"2024-08-06T00:00:00","scheduledTime":"10:30","points":5000,"userId":4}
8/6/2024 12:31:32 PM: Showing notification for messag ${"hostName":"5CG1431YJG","header":"Secure Your Devices","body":"Use screen locks, strong passwords, and encryption to protect laptops and mobile devices.\nImplement automatic device locking when not in use.","imagePath":"/images/6.png","notificationId":19,"scheduledDate":"2024-08-06T00:00:00","scheduledTime":"10:30","points":5000,"userId":4}
8/6/2024 1:43:15 PM: No new User notification found
8/6/2024 1:43:35 PM: No new User notification found
8/6/2024 1:43:55 PM: No new User notification found
8/6/2024 1:44:15 PM: No new User notification found
8/6/2024 1:44:35 PM: No new User notification found
8/6/2024 1:44:55 PM: No new User notification found
8/6/2024 1:45:15 PM: No new User notification found
8/6/2024 1:46:37 PM: No new User notification found
8/6/2024 1:46:44 PM: No new User notification found
8/6/2024 1:46:55 PM: No new User notification found
8/6/2024 1:47:15 PM: No new User notification found
8/6/2024 1:47:35 PM: No new User notification found
8/6/2024 1:47:55 PM: No new User notification found
8/6/2024 1:48:42 PM: Showing notification for messag ${"hostName":"5CD9492J9H","header":"Enable Multi-Factor Authentication (MFA)","body":"Add an extra layer of security by requiring a second form of verification beyond just a password","imagePath":"/images/1.png","notificationId":20,"scheduledDate":"2024-08-06T00:00:00","scheduledTime":"13:38","points":10000,"userId":1}
8/6/2024 1:48:42 PM: Showing notification for messag ${"hostName":"5CD9492J9H","header":"Enable Multi-Factor Authentication (MFA)","body":"Add an extra layer of security by requiring a second form of verification beyond just a password","imagePath":"/images/1.png","notificationId":20,"scheduledDate":"2024-08-06T00:00:00","scheduledTime":"13:38","points":10000,"userId":1}
8/6/2024 1:49:07 PM: Showing notification for messag ${"hostName":"5CD9492J9H","header":"Enable Multi-Factor Authentication (MFA)","body":"Add an extra layer of security by requiring a second form of verification beyond just a password","imagePath":"/images/1.png","notificationId":20,"scheduledDate":"2024-08-06T00:00:00","scheduledTime":"13:38","points":10000,"userId":1}
8/6/2024 1:50:28 PM: Showing notification for messag ${"hostName":"5CD9492J9H","header":"Enable Multi-Factor Authentication (MFA)","body":"Add an extra layer of security by requiring a second form of verification beyond just a password","imagePath":"/images/1.png","notificationId":20,"scheduledDate":"2024-08-06T00:00:00","scheduledTime":"13:38","points":10000,"userId":1}
8/6/2024 1:50:49 PM: Showing notification for messag ${"hostName":"5CD9492J9H","header":"Enable Multi-Factor Authentication (MFA)","body":"Add an extra layer of security by requiring a second form of verification beyond just a password","imagePath":"/images/1.png","notificationId":20,"scheduledDate":"2024-08-06T00:00:00","scheduledTime":"13:38","points":10000,"userId":1}
8/6/2024 1:53:07 PM: Showing notification for messag ${"hostName":"5CD9492J9H","header":"Enable Multi-Factor Authentication (MFA)","body":"Add an extra layer of security by requiring a second form of verification beyond just a password","imagePath":"/images/1.png","notificationId":20,"scheduledDate":"2024-08-06T00:00:00","scheduledTime":"13:38","points":10000,"userId":1}
8/6/2024 1:56:16 PM: Showing notification for messag ${"hostName":"5CD9492J9H","header":"Enable Multi-Factor Authentication (MFA)","body":"Add an extra layer of security by requiring a second form of verification beyond just a password","imagePath":"/images/1.png","notificationId":20,"scheduledDate":"2024-08-06T00:00:00","scheduledTime":"13:38","points":10000,"userId":1}
8/6/2024 1:58:11 PM: Showing notification for messag ${"hostName":"5CD9492J9H","header":"Enable Multi-Factor Authentication (MFA)","body":"Add an extra layer of security by requiring a second form of verification beyond just a password","imagePath":"/images/1.png","notificationId":20,"scheduledDate":"2024-08-06T00:00:00","scheduledTime":"13:38","points":10000,"userId":1}
8/6/2024 1:58:30 PM: Showing notification for messag ${"hostName":"5CD9492J9H","header":"Enable Multi-Factor Authentication (MFA)","body":"Add an extra layer of security by requiring a second form of verification beyond just a password","imagePath":"/images/1.png","notificationId":20,"scheduledDate":"2024-08-06T00:00:00","scheduledTime":"13:38","points":10000,"userId":1}
8/6/2024 1:58:50 PM: Showing notification for messag ${"hostName":"5CD9492J9H","header":"Enable Multi-Factor Authentication (MFA)","body":"Add an extra layer of security by requiring a second form of verification beyond just a password","imagePath":"/images/1.png","notificationId":20,"scheduledDate":"2024-08-06T00:00:00","scheduledTime":"13:38","points":10000,"userId":1}
8/6/2024 1:59:10 PM: Showing notification for messag ${"hostName":"5CD9492J9H","header":"Enable Multi-Factor Authentication (MFA)","body":"Add an extra layer of security by requiring a second form of verification beyond just a password","imagePath":"/images/1.png","notificationId":20,"scheduledDate":"2024-08-06T00:00:00","scheduledTime":"13:38","points":10000,"userId":1}
8/6/2024 2:00:17 PM: No new User notification found
8/6/2024 2:00:37 PM: No new User notification found
8/6/2024 2:00:57 PM: No new User notification found
8/6/2024 2:18:32 PM: No new User notification found
8/6/2024 2:18:52 PM: No new User notification found
8/6/2024 2:19:12 PM: No new User notification found
8/6/2024 2:19:32 PM: No new User notification found
8/6/2024 2:19:52 PM: No new User notification found
8/6/2024 2:20:12 PM: No new User notification found
8/6/2024 2:20:32 PM: No new User notification found
8/6/2024 2:20:52 PM: No new User notification found
8/6/2024 2:21:12 PM: No new User notification found
8/6/2024 2:21:32 PM: No new User notification found
8/6/2024 2:21:52 PM: No new User notification found
8/6/2024 2:22:12 PM: No new User notification found
8/6/2024 2:22:32 PM: No new User notification found
8/6/2024 2:22:52 PM: No new User notification found
8/6/2024 2:23:12 PM: No new User notification found
8/6/2024 2:23:32 PM: No new User notification found
8/6/2024 2:23:52 PM: No new User notification found
8/6/2024 2:24:12 PM: No new User notification found
8/6/2024 2:24:32 PM: No new User notification found
8/6/2024 2:24:52 PM: No new User notification found
8/6/2024 2:25:21 PM: No new User notification found
8/6/2024 2:25:41 PM: No new User notification found
8/6/2024 2:26:01 PM: No new User notification found
8/6/2024 2:26:21 PM: No new User notification found
8/6/2024 2:26:41 PM: Error converting value {null} to type 'System.DateTime'. Path '[0].futureDate', line 1, position 602.
8/6/2024 2:27:01 PM: Error converting value {null} to type 'System.DateTime'. Path '[0].futureDate', line 1, position 602.
8/6/2024 2:31:18 PM: Showing notification for messag ${"hostName":"5CD9492J9H","header":"Enable Multi-Factor Authentication (MFA)","body":"Add an extra layer of security by requiring a second form of verification beyond just a password.","imagePath":"/images/1.png","notificationId":18,"scheduledDate":"2024-08-06T13:26:00","futureDate":null,"scheduledTime":"13:26","points":10000,"userId":1}
8/6/2024 2:31:38 PM: Showing notification for messag ${"hostName":"5CD9492J9H","header":"Enable Multi-Factor Authentication (MFA)","body":"Add an extra layer of security by requiring a second form of verification beyond just a password.","imagePath":"/images/1.png","notificationId":18,"scheduledDate":"2024-08-06T13:26:00","futureDate":null,"scheduledTime":"13:26","points":10000,"userId":1}
8/6/2024 2:32:38 PM: Showing notification for messag ${"hostName":"5CD9492J9H","header":"Enable Multi-Factor Authentication (MFA)","body":"Add an extra layer of security by requiring a second form of verification beyond just a password.","imagePath":"/images/1.png","notificationId":19,"scheduledDate":"2024-08-06T14:28:00","futureDate":null,"scheduledTime":"14:28","points":1000,"userId":1}
8/6/2024 2:32:58 PM: Showing notification for messag ${"hostName":"5CD9492J9H","header":"Enable Multi-Factor Authentication (MFA)","body":"Add an extra layer of security by requiring a second form of verification beyond just a password.","imagePath":"/images/1.png","notificationId":19,"scheduledDate":"2024-08-06T14:28:00","futureDate":null,"scheduledTime":"14:28","points":1000,"userId":1}
8/6/2024 2:33:18 PM: Showing notification for messag ${"hostName":"5CD9492J9H","header":"Enable Multi-Factor Authentication (MFA)","body":"Add an extra layer of security by requiring a second form of verification beyond just a password.","imagePath":"/images/1.png","notificationId":19,"scheduledDate":"2024-08-06T14:28:00","futureDate":"2024-08-06T15:33:10.3898521+05:30","scheduledTime":"14:28","points":1000,"userId":1}
8/6/2024 2:33:38 PM: Showing notification for messag ${"hostName":"5CD9492J9H","header":"Enable Multi-Factor Authentication (MFA)","body":"Add an extra layer of security by requiring a second form of verification beyond just a password.","imagePath":"/images/1.png","notificationId":19,"scheduledDate":"2024-08-06T14:28:00","futureDate":"2024-08-06T15:33:10.3898521+05:30","scheduledTime":"14:28","points":1000,"userId":1}
8/6/2024 2:35:38 PM: Showing notification for messag ${"hostName":"5CD9492J9H","header":"Secure Your Devices","body":"Use screen locks, strong passwords, and encryption to protect laptops and mobile devices.\nImplement automatic device locking when not in use.","imagePath":"/images/4.png","notificationId":20,"scheduledDate":"2024-08-06T14:31:00","futureDate":null,"scheduledTime":"14:31","points":100,"userId":1}
8/6/2024 2:36:38 PM: Showing notification for messag ${"hostName":"5CD9492J9H","header":"Backup Data Regularly","body":"Regularly backup important data to an external drive or cloud service to prevent data loss in case of an incident","imagePath":"/images/3.png","notificationId":21,"scheduledDate":"2024-08-06T14:34:00","futureDate":null,"scheduledTime":"14:34","points":1000,"userId":1}
8/6/2024 2:36:58 PM: Showing notification for messag ${"hostName":"5CD9492J9H","header":"Backup Data Regularly","body":"Regularly backup important data to an external drive or cloud service to prevent data loss in case of an incident","imagePath":"/images/3.png","notificationId":21,"scheduledDate":"2024-08-06T14:34:00","futureDate":null,"scheduledTime":"14:34","points":1000,"userId":1}
